<?xml version="1.0" encoding="UTF-8"?>
<testsuite xmlns:xsi="http://www.w3.org/2001/XMLSchema-instance" xsi:noNamespaceSchemaLocation="https://maven.apache.org/surefire/maven-surefire-plugin/xsd/surefire-test-report.xsd" name="ru.skypro.homework.controller.ImageControllerTest" time="0.34" tests="14" errors="0" skipped="0" failures="0">
  <properties>
[...]
</properties>
  <testcase name="getImage_ShouldHandleJpegExtension" classname="ru.skypro.homework.controller.ImageControllerTest" time="0.011"/>
  <testcase name="getImage_ShouldHandlePNGFormat" classname="ru.skypro.homework.controller.ImageControllerTest" time="0.003"/>
  <testcase name="getImage_ShouldReturnOctetStream_ForUnknownFormat" classname="ru.skypro.homework.controller.ImageControllerTest" time="0.009"/>
  <testcase name="getImage_ShouldHandleUppercaseExtensions" classname="ru.skypro.homework.controller.ImageControllerTest" time="0.003"/>
  <testcase name="getImage_ShouldReturnNotFound_WhenImageNotExists" classname="ru.skypro.homework.controller.ImageControllerTest" time="0.006"/>
  <testcase name="getImage_ShouldHandleGifFormat" classname="ru.skypro.homework.controller.ImageControllerTest" time="0.003"/>
  <testcase name="getImage_ShouldIncludeSecurityHeaders" classname="ru.skypro.homework.controller.ImageControllerTest" time="0.003"/>
  <testcase name="getImage_ShouldHandleNullEtagCalculation" classname="ru.skypro.homework.controller.ImageControllerTest" time="0.002"/>
  <testcase name="getImage_ShouldHandleEmptyImageData" classname="ru.skypro.homework.controller.ImageControllerTest" time="0.003"/>
  <testcase name="getImage_ShouldReturnUnauthorized_WhenUserIsNotAuthenticated" classname="ru.skypro.homework.controller.ImageControllerTest" time="0.002"/>
  <testcase name="getImage_ShouldHandleComplexFilenames" classname="ru.skypro.homework.controller.ImageControllerTest" time="0.002"/>
  <testcase name="getImage_ShouldReturnNotFound_WhenServiceReturnsNull" classname="ru.skypro.homework.controller.ImageControllerTest" time="0.003"/>
  <testcase name="getImage_ShouldReturnImage_WhenImageExists" classname="ru.skypro.homework.controller.ImageControllerTest" time="0.003"/>
  <testcase name="getImage_ShouldReturnNotFound_WhenServiceThrowsException" classname="ru.skypro.homework.controller.ImageControllerTest" time="0.003"/>
</testsuite>